Using pre-set license
Built from '2020.3/staging' branch; Version is '2020.3.22f1 (e1a7f79fd887) revision 14788599'; Using compiler version '192528614'; Build Type 'Release'
OS: 'Windows 10 Pro; OS build 19042.1348; Version 2009; 64bit' Language: 'en' Physical Memory: 16285 MB
BatchMode: 1, IsHumanControllingUs: 0, StartBugReporterOnCrash: 0, Is64bit: 1, IsPro: 0

COMMAND LINE ARGUMENTS:
C:\Program Files\Unity\Hub\Editor\2020.3.22f1\Editor\Unity.exe
-adb2
-batchMode
-noUpm
-name
AssetImportWorker0
-projectPath
D:/Users/Daimnon's/Documents/GitHub/Daimnons_EscapeRoom/Daimnons_EscapeRoomProject
-logFile
Logs/AssetImportWorker0.log
-srvPort
56622
Successfully changed project path to: D:/Users/Daimnon's/Documents/GitHub/Daimnons_EscapeRoom/Daimnons_EscapeRoomProject
D:/Users/Daimnon's/Documents/GitHub/Daimnons_EscapeRoom/Daimnons_EscapeRoomProject
Using Asset Import Pipeline V2.
Refreshing native plugins compatible for Editor in 78.10 ms, found 2 plugins.
Preloading 0 native plugins for Editor in 0.00 ms.
Initialize engine version: 2020.3.22f1 (e1a7f79fd887)
[Subsystems] Discovering subsystems at path C:/Program Files/Unity/Hub/Editor/2020.3.22f1/Editor/Data/Resources/UnitySubsystems
[Subsystems] Discovering subsystems at path D:/Users/Daimnon's/Documents/GitHub/Daimnons_EscapeRoom/Daimnons_EscapeRoomProject/Assets
GfxDevice: creating device client; threaded=0
Direct3D:
    Version:  Direct3D 11.0 [level 11.1]
    Renderer: NVIDIA GeForce GTX 1080 (ID=0x1b80)
    Vendor:   
    VRAM:     8079 MB
    Driver:   27.21.14.5671
Initialize mono
Mono path[0] = 'C:/Program Files/Unity/Hub/Editor/2020.3.22f1/Editor/Data/Managed'
Mono path[1] = 'C:/Program Files/Unity/Hub/Editor/2020.3.22f1/Editor/Data/MonoBleedingEdge/lib/mono/unityjit'
Mono config path = 'C:/Program Files/Unity/Hub/Editor/2020.3.22f1/Editor/Data/MonoBleedingEdge/etc'
Using monoOptions --debugger-agent=transport=dt_socket,embedding=1,server=y,suspend=n,address=127.0.0.1:56952
Begin MonoManager ReloadAssembly
Registering precompiled unity dll's ...
Register platform support module: C:/Program Files/Unity/Hub/Editor/2020.3.22f1/Editor/Data/PlaybackEngines/WebGLSupport/UnityEditor.WebGL.Extensions.dll
Register platform support module: C:/Program Files/Unity/Hub/Editor/2020.3.22f1/Editor/Data/PlaybackEngines/WindowsStandaloneSupport/UnityEditor.WindowsStandalone.Extensions.dll
Registered in 0.163610 seconds.
Native extension for WindowsStandalone target not found
Native extension for WebGL target not found
Refreshing native plugins compatible for Editor in 27.46 ms, found 2 plugins.
Preloading 0 native plugins for Editor in 0.00 ms.
Mono: successfully reloaded assembly
- Completed reload, in  3.840 seconds
Domain Reload Profiling:
	ReloadAssembly (3840ms)
		BeginReloadAssembly (1725ms)
			ExecutionOrderSort (0ms)
			DisableScriptedObjects (0ms)
			BackupInstance (0ms)
			ReleaseScriptingObjects (0ms)
			CreateAndSetChildDomain (1ms)
		EndReloadAssembly (558ms)
			LoadAssemblies (1729ms)
			RebuildTransferFunctionScriptingTraits (0ms)
			SetupTypeCache (301ms)
			ReleaseScriptCaches (0ms)
			RebuildScriptCaches (27ms)
			SetupLoadedEditorAssemblies (139ms)
				LogAssemblyErrors (0ms)
				InitializePlatformSupportModulesInManaged (4ms)
				SetLoadedEditorAssemblies (0ms)
				RefreshPlugins (28ms)
				BeforeProcessingInitializeOnLoad (14ms)
				ProcessInitializeOnLoadAttributes (68ms)
				ProcessInitializeOnLoadMethodAttributes (26ms)
				AfterProcessingInitializeOnLoad (0ms)
				EditorAssembliesLoaded (0ms)
			ExecutionOrderSort2 (0ms)
			AwakeInstancesAfterBackupRestoration (0ms)
Platform modules already initialized, skipping
Registering precompiled user dll's ...
Registered in 0.428801 seconds.
Begin MonoManager ReloadAssembly
Native extension for WindowsStandalone target not found
Native extension for WebGL target not found
Refreshing native plugins compatible for Editor in 0.36 ms, found 2 plugins.
Preloading 0 native plugins for Editor in 0.00 ms.
Mono: successfully reloaded assembly
- Completed reload, in  3.013 seconds
Domain Reload Profiling:
	ReloadAssembly (3017ms)
		BeginReloadAssembly (113ms)
			ExecutionOrderSort (0ms)
			DisableScriptedObjects (4ms)
			BackupInstance (0ms)
			ReleaseScriptingObjects (0ms)
			CreateAndSetChildDomain (15ms)
		EndReloadAssembly (2855ms)
			LoadAssemblies (1241ms)
			RebuildTransferFunctionScriptingTraits (0ms)
			SetupTypeCache (656ms)
			ReleaseScriptCaches (0ms)
			RebuildScriptCaches (40ms)
			SetupLoadedEditorAssemblies (838ms)
				LogAssemblyErrors (0ms)
				InitializePlatformSupportModulesInManaged (5ms)
				SetLoadedEditorAssemblies (0ms)
				RefreshPlugins (0ms)
				BeforeProcessingInitializeOnLoad (73ms)
				ProcessInitializeOnLoadAttributes (297ms)
				ProcessInitializeOnLoadMethodAttributes (455ms)
				AfterProcessingInitializeOnLoad (7ms)
				EditorAssembliesLoaded (0ms)
			ExecutionOrderSort2 (0ms)
			AwakeInstancesAfterBackupRestoration (7ms)
Platform modules already initialized, skipping
========================================================================
Worker process is ready to serve import requests
Launched and connected shader compiler UnityShaderCompiler.exe after 0.08 seconds
Refreshing native plugins compatible for Editor in 0.34 ms, found 2 plugins.
Preloading 0 native plugins for Editor in 0.00 ms.
Unloading 1855 Unused Serialized files (Serialized files now loaded: 0)
System memory in use before: 84.2 MB.
System memory in use after: 84.2 MB.

Unloading 20 unused Assets to reduce memory usage. Loaded Objects now: 2288.
Total: 2.353400 ms (FindLiveObjects: 0.163300 ms CreateObjectMapping: 0.060300 ms MarkObjects: 2.050700 ms  DeleteObjects: 0.078300 ms)

AssetImportParameters requested are different than current active one (requested -> active):
  custom:framework-win-MediaFoundation: 216162199b28c13a410421893ffa2e32 -> 
  custom:video-decoder-ogg-theora: a1e56fd34408186e4bbccfd4996cb3dc -> 
  custom:container-muxer-webm: aa71ff27fc2769a1b78a27578f13a17b -> 
  custom:container-demuxer-webm: 4f35f7cbe854078d1ac9338744f61a02 -> 
  custom:container-demuxer-ogg: 62fdf1f143b41e24485cea50d1cbac27 -> 
  custom:video-encoder-webm-vp8: eb34c28f22e8b96e1ab97ce403110664 -> 
  custom:video-decoder-webm-vp8: 9c59270c3fd7afecdb556c50c9e8de78 -> 
  custom:audio-decoder-ogg-vorbis: bf7c407c2cedff20999df2af8eb42d56 -> 
  custom:audio-encoder-webm-vorbis: bf7c407c2cedff20999df2af8eb42d56 -> 
========================================================================
Received Import Request.
  path: Assets/Prefabs/Counter.prefab
  artifactKey: Guid(4ef10dbb077129f41af04324e56f394b) Importer(815301076,1909f56bfc062723c751e8b465ee728b)
Start importing Assets/Prefabs/Counter.prefab using Guid(4ef10dbb077129f41af04324e56f394b) Importer(815301076,1909f56bfc062723c751e8b465ee728b)  -> (artifact id: '7b993311dcbf336296c4407b63e750fb') in 0.104495 seconds 
  Import took 0.106920 seconds .

========================================================================
Received Import Request.
  Time since last request: 2056.781632 seconds.
  path: Assets/Prefabs/Lobby Table.prefab
  artifactKey: Guid(f57bede8772a41e4a9ec69502cf5ab18) Importer(815301076,1909f56bfc062723c751e8b465ee728b)
Start importing Assets/Prefabs/Lobby Table.prefab using Guid(f57bede8772a41e4a9ec69502cf5ab18) Importer(815301076,1909f56bfc062723c751e8b465ee728b)  -> (artifact id: '511eb0ec371b1d7b9827a00ec3943468') in 0.013277 seconds 
  Import took 0.016115 seconds .

========================================================================
Received Import Request.
  Time since last request: 7.602360 seconds.
  path: Assets/Materials/Blue.mat
  artifactKey: Guid(52158bca2ed03cb4c849e461b4070fac) Importer(815301076,1909f56bfc062723c751e8b465ee728b)
Start importing Assets/Materials/Blue.mat using Guid(52158bca2ed03cb4c849e461b4070fac) Importer(815301076,1909f56bfc062723c751e8b465ee728b)  -> (artifact id: 'cd4e1e0d5fa6564de011dbbafb201cc5') in 0.027292 seconds 
  Import took 0.029733 seconds .

========================================================================
Received Import Request.
  Time since last request: 0.000288 seconds.
  path: Assets/Materials/Red.mat
  artifactKey: Guid(b167d9023ea9072448b580d16d682b89) Importer(815301076,1909f56bfc062723c751e8b465ee728b)
Start importing Assets/Materials/Red.mat using Guid(b167d9023ea9072448b580d16d682b89) Importer(815301076,1909f56bfc062723c751e8b465ee728b)  -> (artifact id: '5639aaae269aa7a52d105407ed202159') in 0.029982 seconds 
  Import took 0.043834 seconds .

========================================================================
Received Import Request.
  Time since last request: 0.000319 seconds.
  path: Assets/Materials/Yellow.mat
  artifactKey: Guid(dbd1e38631f81e94e9a2136e71a9239a) Importer(815301076,1909f56bfc062723c751e8b465ee728b)
Start importing Assets/Materials/Yellow.mat using Guid(dbd1e38631f81e94e9a2136e71a9239a) Importer(815301076,1909f56bfc062723c751e8b465ee728b)  -> (artifact id: '54e09929463bca5f056e43275835752e') in 0.018827 seconds 
  Import took 0.021231 seconds .

========================================================================
Received Import Request.
  Time since last request: 8.781663 seconds.
  path: Assets/Materials/ObjectIdentifier 1.mat
  artifactKey: Guid(c212f4b28440afa4a923e410352c5474) Importer(815301076,1909f56bfc062723c751e8b465ee728b)
Start importing Assets/Materials/ObjectIdentifier 1.mat using Guid(c212f4b28440afa4a923e410352c5474) Importer(815301076,1909f56bfc062723c751e8b465ee728b)  -> (artifact id: '17247063e2aec60d5aa3cad901a2547a') in 0.009764 seconds 
  Import took 0.012398 seconds .

========================================================================
Received Import Request.
  Time since last request: 33.199197 seconds.
  path: Assets/Materials/Brown.mat
  artifactKey: Guid(c212f4b28440afa4a923e410352c5474) Importer(815301076,1909f56bfc062723c751e8b465ee728b)
Start importing Assets/Materials/Brown.mat using Guid(c212f4b28440afa4a923e410352c5474) Importer(815301076,1909f56bfc062723c751e8b465ee728b)  -> (artifact id: 'f4e433427480e5cd9042598da1456c1f') in 0.009729 seconds 
  Import took 0.012210 seconds .

========================================================================
Received Import Request.
  Time since last request: 1448.624874 seconds.
  path: Assets/Prefabs/Lobby Table.prefab
  artifactKey: Guid(f57bede8772a41e4a9ec69502cf5ab18) Importer(815301076,1909f56bfc062723c751e8b465ee728b)
Start importing Assets/Prefabs/Lobby Table.prefab using Guid(f57bede8772a41e4a9ec69502cf5ab18) Importer(815301076,1909f56bfc062723c751e8b465ee728b)  -> (artifact id: '89f1b4bd74b1dd5e5ca9acdb4dd01fbd') in 0.029154 seconds 
  Import took 0.041301 seconds .

AssetImportWorkerClient::OnTransportError - code=2 error=End of file
